The system is: Darwin - 21.3.0 - x86_64
Compiling the C compiler identification source file "CMakeCCompilerId.c" succeeded.
Compiler: /Users/elena/opt/miniconda3/envs/robostackenv/bin/x86_64-apple-darwin13.4.0-clang 
Build flags: -march=core2;-mtune=haswell;-mssse3;-ftree-vectorize;-fPIC;-fPIE;-fstack-protector-strong;-O2;-pipe;-isystem;/Users/elena/opt/miniconda3/envs/robostackenv/include
Id flags:  

The output was:
0


Compilation of the C compiler identification source "CMakeCCompilerId.c" produced "a.out"

The C compiler identification is Clang, found in "/Users/elena/dev/two_wheeled_robot_navigation/catkin_ws/build/CMakeFiles/3.21.3/CompilerIdC/a.out"

Compiling the CXX compiler identification source file "CMakeCXXCompilerId.cpp" succeeded.
Compiler: /Users/elena/opt/miniconda3/envs/robostackenv/bin/x86_64-apple-darwin13.4.0-clang++ 
Build flags: -march=core2;-mtune=haswell;-mssse3;-ftree-vectorize;-fPIC;-fPIE;-fstack-protector-strong;-O2;-pipe;-stdlib=libc++;-fvisibility-inlines-hidden;-std=c++14;-fmessage-length=0;-isystem;/Users/elena/opt/miniconda3/envs/robostackenv/include
Id flags:  

The output was:
0


Compilation of the CXX compiler identification source "CMakeCXXCompilerId.cpp" produced "a.out"

The CXX compiler identification is Clang, found in "/Users/elena/dev/two_wheeled_robot_navigation/catkin_ws/build/CMakeFiles/3.21.3/CompilerIdCXX/a.out"

Detecting C compiler ABI info compiled with the following output:
Change Dir: /Users/elena/dev/two_wheeled_robot_navigation/catkin_ws/build/CMakeFiles/CMakeTmp

Run Build Command(s):/Users/elena/opt/miniconda3/envs/robostackenv/bin/make -f Makefile cmTC_06e48/fast && /Users/elena/opt/miniconda3/envs/robostackenv/bin/make  -f CMakeFiles/cmTC_06e48.dir/build.make CMakeFiles/cmTC_06e48.dir/build
make[1]: Entering directory '/Users/elena/dev/two_wheeled_robot_navigation/catkin_ws/build/CMakeFiles/CMakeTmp'
Building C object CMakeFiles/cmTC_06e48.dir/CMakeCCompilerABI.c.o
/Users/elena/opt/miniconda3/envs/robostackenv/bin/x86_64-apple-darwin13.4.0-clang   -march=core2 -mtune=haswell -mssse3 -ftree-vectorize -fPIC -fPIE -fstack-protector-strong -O2 -pipe -isystem /Users/elena/opt/miniconda3/envs/robostackenv/include  -isysroot /Applications/Xcode.app/Contents/Developer/Platforms/MacOSX.platform/Developer/SDKs/MacOSX.sdk   -v -Wl,-v -MD -MT CMakeFiles/cmTC_06e48.dir/CMakeCCompilerABI.c.o -MF CMakeFiles/cmTC_06e48.dir/CMakeCCompilerABI.c.o.d -o CMakeFiles/cmTC_06e48.dir/CMakeCCompilerABI.c.o -c /Users/elena/opt/miniconda3/envs/robostackenv/share/cmake-3.21/Modules/CMakeCCompilerABI.c
clang version 11.1.0
Target: x86_64-apple-darwin13.4.0
Thread model: posix
InstalledDir: /Users/elena/opt/miniconda3/envs/robostackenv/bin
clang-11: warning: -Wl,-v: 'linker' input unused [-Wunused-command-line-argument]
 (in-process)
 "/Users/elena/opt/miniconda3/envs/robostackenv/bin/clang-11" -cc1 -triple x86_64-apple-macosx12.0.0 -Wundef-prefix=TARGET_OS_OSX -Werror=undef-prefix -Wdeprecated-objc-isa-usage -Werror=deprecated-objc-isa-usage -emit-obj -disable-free -disable-llvm-verifier -discard-value-names -main-file-name CMakeCCompilerABI.c -mrelocation-model pic -pic-level 2 -mframe-pointer=all -fno-rounding-math -munwind-tables -target-sdk-version=12.0 -fcompatibility-qualified-id-block-type-checking -target-cpu core2 -target-feature +ssse3 -debugger-tuning=lldb -target-linker-version 530 -v -resource-dir /Users/elena/opt/miniconda3/envs/robostackenv/lib/clang/11.1.0 -dependency-file CMakeFiles/cmTC_06e48.dir/CMakeCCompilerABI.c.o.d -MT CMakeFiles/cmTC_06e48.dir/CMakeCCompilerABI.c.o -sys-header-deps -isystem /Users/elena/opt/miniconda3/envs/robostackenv/include -isysroot /Applications/Xcode.app/Contents/Developer/Platforms/MacOSX.platform/Developer/SDKs/MacOSX.sdk -internal-isystem /Applications/Xcode.app/Contents/Developer/Platforms/MacOSX.platform/Developer/SDKs/MacOSX.sdk/usr/local/include -internal-isystem /Users/elena/opt/miniconda3/envs/robostackenv/lib/clang/11.1.0/include -internal-externc-isystem /Applications/Xcode.app/Contents/Developer/Platforms/MacOSX.platform/Developer/SDKs/MacOSX.sdk/usr/include -O2 -fdebug-compilation-dir /Users/elena/dev/two_wheeled_robot_navigation/catkin_ws/build/CMakeFiles/CMakeTmp -ferror-limit 19 -stack-protector 2 -fblocks -fencode-extended-block-signature -fregister-global-dtors-with-atexit -fgnuc-version=4.2.1 -fmax-type-align=16 -vectorize-loops -vectorize-slp -o CMakeFiles/cmTC_06e48.dir/CMakeCCompilerABI.c.o -x c /Users/elena/opt/miniconda3/envs/robostackenv/share/cmake-3.21/Modules/CMakeCCompilerABI.c
clang -cc1 version 11.1.0 based upon LLVM 11.1.0 default target x86_64-apple-darwin21.3.0
ignoring nonexistent directory "/Applications/Xcode.app/Contents/Developer/Platforms/MacOSX.platform/Developer/SDKs/MacOSX.sdk/usr/local/include"
ignoring nonexistent directory "/Applications/Xcode.app/Contents/Developer/Platforms/MacOSX.platform/Developer/SDKs/MacOSX.sdk/Library/Frameworks"
#include "..." search starts here:
#include <...> search starts here:
 /Users/elena/opt/miniconda3/envs/robostackenv/include
 /Users/elena/opt/miniconda3/envs/robostackenv/lib/clang/11.1.0/include
 /Applications/Xcode.app/Contents/Developer/Platforms/MacOSX.platform/Developer/SDKs/MacOSX.sdk/usr/include
 /Applications/Xcode.app/Contents/Developer/Platforms/MacOSX.platform/Developer/SDKs/MacOSX.sdk/System/Library/Frameworks (framework directory)
End of search list.
Linking C executable cmTC_06e48
/Users/elena/opt/miniconda3/envs/robostackenv/bin/cmake -E cmake_link_script CMakeFiles/cmTC_06e48.dir/link.txt --verbose=1
/Users/elena/opt/miniconda3/envs/robostackenv/bin/x86_64-apple-darwin13.4.0-clang -march=core2 -mtune=haswell -mssse3 -ftree-vectorize -fPIC -fPIE -fstack-protector-strong -O2 -pipe -isystem /Users/elena/opt/miniconda3/envs/robostackenv/include  -isysroot /Applications/Xcode.app/Contents/Developer/Platforms/MacOSX.platform/Developer/SDKs/MacOSX.sdk -Wl,-search_paths_first -Wl,-headerpad_max_install_names -Wl,-pie -Wl,-headerpad_max_install_names -Wl,-dead_strip_dylibs -Wl,-rpath,/Users/elena/opt/miniconda3/envs/robostackenv/lib -L/Users/elena/opt/miniconda3/envs/robostackenv/lib -v -Wl,-v CMakeFiles/cmTC_06e48.dir/CMakeCCompilerABI.c.o -o cmTC_06e48 
clang version 11.1.0
Target: x86_64-apple-darwin13.4.0
Thread model: posix
InstalledDir: /Users/elena/opt/miniconda3/envs/robostackenv/bin
 "/Users/elena/opt/miniconda3/envs/robostackenv/bin/x86_64-apple-darwin13.4.0-ld" -demangle -lto_library /Users/elena/opt/miniconda3/envs/robostackenv/lib/libLTO.11.dylib -dynamic -arch x86_64 -platform_version macos 12.0.0 12.0 -pie -syslibroot /Applications/Xcode.app/Contents/Developer/Platforms/MacOSX.platform/Developer/SDKs/MacOSX.sdk -o cmTC_06e48 -L/Users/elena/opt/miniconda3/envs/robostackenv/lib -search_paths_first -headerpad_max_install_names -pie -headerpad_max_install_names -dead_strip_dylibs -rpath /Users/elena/opt/miniconda3/envs/robostackenv/lib -v CMakeFiles/cmTC_06e48.dir/CMakeCCompilerABI.c.o -lSystem /Users/elena/opt/miniconda3/envs/robostackenv/lib/clang/11.1.0/lib/darwin/libclang_rt.osx.a
@(#)PROGRAM:ld  PROJECT:ld64-609
BUILD 18:01:32 Jan 19 2022
configured to support archs: armv6 armv7 armv7s arm64 arm64e arm64_32 i386 x86_64 x86_64h armv6m armv7k armv7m armv7em (tvOS)
Library search paths:
	/Users/elena/opt/miniconda3/envs/robostackenv/lib
	/Applications/Xcode.app/Contents/Developer/Platforms/MacOSX.platform/Developer/SDKs/MacOSX.sdk/usr/lib
Framework search paths:
	/Applications/Xcode.app/Contents/Developer/Platforms/MacOSX.platform/Developer/SDKs/MacOSX.sdk/System/Library/Frameworks/
make[1]: Leaving directory '/Users/elena/dev/two_wheeled_robot_navigation/catkin_ws/build/CMakeFiles/CMakeTmp'



Parsed C implicit include dir info from above output: rv=done
  found start of include info
  found start of implicit include info
    add: [/Users/elena/opt/miniconda3/envs/robostackenv/include]
    add: [/Users/elena/opt/miniconda3/envs/robostackenv/lib/clang/11.1.0/include]
    add: [/Applications/Xcode.app/Contents/Developer/Platforms/MacOSX.platform/Developer/SDKs/MacOSX.sdk/usr/include]
  end of search list found
  collapse include dir [/Users/elena/opt/miniconda3/envs/robostackenv/include] ==> [/Users/elena/opt/miniconda3/envs/robostackenv/include]
  collapse include dir [/Users/elena/opt/miniconda3/envs/robostackenv/lib/clang/11.1.0/include] ==> [/Users/elena/opt/miniconda3/envs/robostackenv/lib/clang/11.1.0/include]
  collapse include dir [/Applications/Xcode.app/Contents/Developer/Platforms/MacOSX.platform/Developer/SDKs/MacOSX.sdk/usr/include] ==> [/Applications/Xcode.app/Contents/Developer/Platforms/MacOSX.platform/Developer/SDKs/MacOSX.sdk/usr/include]
  implicit include dirs: [/Users/elena/opt/miniconda3/envs/robostackenv/include;/Users/elena/opt/miniconda3/envs/robostackenv/lib/clang/11.1.0/include;/Applications/Xcode.app/Contents/Developer/Platforms/MacOSX.platform/Developer/SDKs/MacOSX.sdk/usr/include]


Parsed C implicit link information from above output:
  link line regex: [^( *|.*[/\])(x86_64-apple-darwin13\.4\.0-ld|CMAKE_LINK_STARTFILE-NOTFOUND|([^/\]+-)?ld|collect2)[^/\]*( |$)]
  ignore line: [Change Dir: /Users/elena/dev/two_wheeled_robot_navigation/catkin_ws/build/CMakeFiles/CMakeTmp]
  ignore line: []
  ignore line: [Run Build Command(s):/Users/elena/opt/miniconda3/envs/robostackenv/bin/make -f Makefile cmTC_06e48/fast && /Users/elena/opt/miniconda3/envs/robostackenv/bin/make  -f CMakeFiles/cmTC_06e48.dir/build.make CMakeFiles/cmTC_06e48.dir/build]
  ignore line: [make[1]: Entering directory '/Users/elena/dev/two_wheeled_robot_navigation/catkin_ws/build/CMakeFiles/CMakeTmp']
  ignore line: [Building C object CMakeFiles/cmTC_06e48.dir/CMakeCCompilerABI.c.o]
  ignore line: [/Users/elena/opt/miniconda3/envs/robostackenv/bin/x86_64-apple-darwin13.4.0-clang   -march=core2 -mtune=haswell -mssse3 -ftree-vectorize -fPIC -fPIE -fstack-protector-strong -O2 -pipe -isystem /Users/elena/opt/miniconda3/envs/robostackenv/include  -isysroot /Applications/Xcode.app/Contents/Developer/Platforms/MacOSX.platform/Developer/SDKs/MacOSX.sdk   -v -Wl -v -MD -MT CMakeFiles/cmTC_06e48.dir/CMakeCCompilerABI.c.o -MF CMakeFiles/cmTC_06e48.dir/CMakeCCompilerABI.c.o.d -o CMakeFiles/cmTC_06e48.dir/CMakeCCompilerABI.c.o -c /Users/elena/opt/miniconda3/envs/robostackenv/share/cmake-3.21/Modules/CMakeCCompilerABI.c]
  ignore line: [clang version 11.1.0]
  ignore line: [Target: x86_64-apple-darwin13.4.0]
  ignore line: [Thread model: posix]
  ignore line: [InstalledDir: /Users/elena/opt/miniconda3/envs/robostackenv/bin]
  ignore line: [clang-11: warning: -Wl -v: 'linker' input unused [-Wunused-command-line-argument]]
  ignore line: [ (in-process)]
  ignore line: [ "/Users/elena/opt/miniconda3/envs/robostackenv/bin/clang-11" -cc1 -triple x86_64-apple-macosx12.0.0 -Wundef-prefix=TARGET_OS_OSX -Werror=undef-prefix -Wdeprecated-objc-isa-usage -Werror=deprecated-objc-isa-usage -emit-obj -disable-free -disable-llvm-verifier -discard-value-names -main-file-name CMakeCCompilerABI.c -mrelocation-model pic -pic-level 2 -mframe-pointer=all -fno-rounding-math -munwind-tables -target-sdk-version=12.0 -fcompatibility-qualified-id-block-type-checking -target-cpu core2 -target-feature +ssse3 -debugger-tuning=lldb -target-linker-version 530 -v -resource-dir /Users/elena/opt/miniconda3/envs/robostackenv/lib/clang/11.1.0 -dependency-file CMakeFiles/cmTC_06e48.dir/CMakeCCompilerABI.c.o.d -MT CMakeFiles/cmTC_06e48.dir/CMakeCCompilerABI.c.o -sys-header-deps -isystem /Users/elena/opt/miniconda3/envs/robostackenv/include -isysroot /Applications/Xcode.app/Contents/Developer/Platforms/MacOSX.platform/Developer/SDKs/MacOSX.sdk -internal-isystem /Applications/Xcode.app/Contents/Developer/Platforms/MacOSX.platform/Developer/SDKs/MacOSX.sdk/usr/local/include -internal-isystem /Users/elena/opt/miniconda3/envs/robostackenv/lib/clang/11.1.0/include -internal-externc-isystem /Applications/Xcode.app/Contents/Developer/Platforms/MacOSX.platform/Developer/SDKs/MacOSX.sdk/usr/include -O2 -fdebug-compilation-dir /Users/elena/dev/two_wheeled_robot_navigation/catkin_ws/build/CMakeFiles/CMakeTmp -ferror-limit 19 -stack-protector 2 -fblocks -fencode-extended-block-signature -fregister-global-dtors-with-atexit -fgnuc-version=4.2.1 -fmax-type-align=16 -vectorize-loops -vectorize-slp -o CMakeFiles/cmTC_06e48.dir/CMakeCCompilerABI.c.o -x c /Users/elena/opt/miniconda3/envs/robostackenv/share/cmake-3.21/Modules/CMakeCCompilerABI.c]
  ignore line: [clang -cc1 version 11.1.0 based upon LLVM 11.1.0 default target x86_64-apple-darwin21.3.0]
  ignore line: [ignoring nonexistent directory "/Applications/Xcode.app/Contents/Developer/Platforms/MacOSX.platform/Developer/SDKs/MacOSX.sdk/usr/local/include"]
  ignore line: [ignoring nonexistent directory "/Applications/Xcode.app/Contents/Developer/Platforms/MacOSX.platform/Developer/SDKs/MacOSX.sdk/Library/Frameworks"]
  ignore line: [#include "..." search starts here:]
  ignore line: [#include <...> search starts here:]
  ignore line: [ /Users/elena/opt/miniconda3/envs/robostackenv/include]
  ignore line: [ /Users/elena/opt/miniconda3/envs/robostackenv/lib/clang/11.1.0/include]
  ignore line: [ /Applications/Xcode.app/Contents/Developer/Platforms/MacOSX.platform/Developer/SDKs/MacOSX.sdk/usr/include]
  ignore line: [ /Applications/Xcode.app/Contents/Developer/Platforms/MacOSX.platform/Developer/SDKs/MacOSX.sdk/System/Library/Frameworks (framework directory)]
  ignore line: [End of search list.]
  ignore line: [Linking C executable cmTC_06e48]
  ignore line: [/Users/elena/opt/miniconda3/envs/robostackenv/bin/cmake -E cmake_link_script CMakeFiles/cmTC_06e48.dir/link.txt --verbose=1]
  ignore line: [/Users/elena/opt/miniconda3/envs/robostackenv/bin/x86_64-apple-darwin13.4.0-clang -march=core2 -mtune=haswell -mssse3 -ftree-vectorize -fPIC -fPIE -fstack-protector-strong -O2 -pipe -isystem /Users/elena/opt/miniconda3/envs/robostackenv/include  -isysroot /Applications/Xcode.app/Contents/Developer/Platforms/MacOSX.platform/Developer/SDKs/MacOSX.sdk -Wl -search_paths_first -Wl -headerpad_max_install_names -Wl -pie -Wl -headerpad_max_install_names -Wl -dead_strip_dylibs -Wl -rpath /Users/elena/opt/miniconda3/envs/robostackenv/lib -L/Users/elena/opt/miniconda3/envs/robostackenv/lib -v -Wl -v CMakeFiles/cmTC_06e48.dir/CMakeCCompilerABI.c.o -o cmTC_06e48 ]
  ignore line: [clang version 11.1.0]
  ignore line: [Target: x86_64-apple-darwin13.4.0]
  ignore line: [Thread model: posix]
  ignore line: [InstalledDir: /Users/elena/opt/miniconda3/envs/robostackenv/bin]
  link line: [ "/Users/elena/opt/miniconda3/envs/robostackenv/bin/x86_64-apple-darwin13.4.0-ld" -demangle -lto_library /Users/elena/opt/miniconda3/envs/robostackenv/lib/libLTO.11.dylib -dynamic -arch x86_64 -platform_version macos 12.0.0 12.0 -pie -syslibroot /Applications/Xcode.app/Contents/Developer/Platforms/MacOSX.platform/Developer/SDKs/MacOSX.sdk -o cmTC_06e48 -L/Users/elena/opt/miniconda3/envs/robostackenv/lib -search_paths_first -headerpad_max_install_names -pie -headerpad_max_install_names -dead_strip_dylibs -rpath /Users/elena/opt/miniconda3/envs/robostackenv/lib -v CMakeFiles/cmTC_06e48.dir/CMakeCCompilerABI.c.o -lSystem /Users/elena/opt/miniconda3/envs/robostackenv/lib/clang/11.1.0/lib/darwin/libclang_rt.osx.a]
    arg [/Users/elena/opt/miniconda3/envs/robostackenv/bin/x86_64-apple-darwin13.4.0-ld] ==> ignore
    arg [-demangle] ==> ignore
    arg [-lto_library] ==> ignore, skip following value
    arg [/Users/elena/opt/miniconda3/envs/robostackenv/lib/libLTO.11.dylib] ==> skip value of -lto_library
    arg [-dynamic] ==> ignore
    arg [-arch] ==> ignore
    arg [x86_64] ==> ignore
    arg [-platform_version] ==> ignore
    arg [macos] ==> ignore
    arg [12.0.0] ==> ignore
    arg [12.0] ==> ignore
    arg [-pie] ==> ignore
    arg [-syslibroot] ==> ignore
    arg [/Applications/Xcode.app/Contents/Developer/Platforms/MacOSX.platform/Developer/SDKs/MacOSX.sdk] ==> ignore
    arg [-o] ==> ignore
    arg [cmTC_06e48] ==> ignore
    arg [-L/Users/elena/opt/miniconda3/envs/robostackenv/lib] ==> dir [/Users/elena/opt/miniconda3/envs/robostackenv/lib]
    arg [-search_paths_first] ==> ignore
    arg [-headerpad_max_install_names] ==> ignore
    arg [-pie] ==> ignore
    arg [-headerpad_max_install_names] ==> ignore
    arg [-dead_strip_dylibs] ==> ignore
    arg [-rpath] ==> ignore
    arg [/Users/elena/opt/miniconda3/envs/robostackenv/lib] ==> ignore
    arg [-v] ==> ignore
    arg [CMakeFiles/cmTC_06e48.dir/CMakeCCompilerABI.c.o] ==> ignore
    arg [-lSystem] ==> lib [System]
    arg [/Users/elena/opt/miniconda3/envs/robostackenv/lib/clang/11.1.0/lib/darwin/libclang_rt.osx.a] ==> lib [/Users/elena/opt/miniconda3/envs/robostackenv/lib/clang/11.1.0/lib/darwin/libclang_rt.osx.a]
  Library search paths: [;/Users/elena/opt/miniconda3/envs/robostackenv/lib;/Applications/Xcode.app/Contents/Developer/Platforms/MacOSX.platform/Developer/SDKs/MacOSX.sdk/usr/lib]
  Framework search paths: [;/Applications/Xcode.app/Contents/Developer/Platforms/MacOSX.platform/Developer/SDKs/MacOSX.sdk/System/Library/Frameworks/]
  remove lib [System]
  remove lib [/Users/elena/opt/miniconda3/envs/robostackenv/lib/clang/11.1.0/lib/darwin/libclang_rt.osx.a]
  collapse library dir [/Users/elena/opt/miniconda3/envs/robostackenv/lib] ==> [/Users/elena/opt/miniconda3/envs/robostackenv/lib]
  collapse library dir [/Users/elena/opt/miniconda3/envs/robostackenv/lib] ==> [/Users/elena/opt/miniconda3/envs/robostackenv/lib]
  collapse library dir [/Applications/Xcode.app/Contents/Developer/Platforms/MacOSX.platform/Developer/SDKs/MacOSX.sdk/usr/lib] ==> [/Applications/Xcode.app/Contents/Developer/Platforms/MacOSX.platform/Developer/SDKs/MacOSX.sdk/usr/lib]
  collapse framework dir [/Applications/Xcode.app/Contents/Developer/Platforms/MacOSX.platform/Developer/SDKs/MacOSX.sdk/System/Library/Frameworks/] ==> [/Applications/Xcode.app/Contents/Developer/Platforms/MacOSX.platform/Developer/SDKs/MacOSX.sdk/System/Library/Frameworks]
  implicit libs: []
  implicit objs: []
  implicit dirs: [/Users/elena/opt/miniconda3/envs/robostackenv/lib;/Applications/Xcode.app/Contents/Developer/Platforms/MacOSX.platform/Developer/SDKs/MacOSX.sdk/usr/lib]
  implicit fwks: [/Applications/Xcode.app/Contents/Developer/Platforms/MacOSX.platform/Developer/SDKs/MacOSX.sdk/System/Library/Frameworks]


Detecting CXX compiler ABI info compiled with the following output:
Change Dir: /Users/elena/dev/two_wheeled_robot_navigation/catkin_ws/build/CMakeFiles/CMakeTmp

Run Build Command(s):/Users/elena/opt/miniconda3/envs/robostackenv/bin/make -f Makefile cmTC_fe6c8/fast && /Users/elena/opt/miniconda3/envs/robostackenv/bin/make  -f CMakeFiles/cmTC_fe6c8.dir/build.make CMakeFiles/cmTC_fe6c8.dir/build
make[1]: Entering directory '/Users/elena/dev/two_wheeled_robot_navigation/catkin_ws/build/CMakeFiles/CMakeTmp'
Building CXX object CMakeFiles/cmTC_fe6c8.dir/CMakeCXXCompilerABI.cpp.o
/Users/elena/opt/miniconda3/envs/robostackenv/bin/x86_64-apple-darwin13.4.0-clang++   -march=core2 -mtune=haswell -mssse3 -ftree-vectorize -fPIC -fPIE -fstack-protector-strong -O2 -pipe -stdlib=libc++ -fvisibility-inlines-hidden -std=c++14 -fmessage-length=0 -isystem /Users/elena/opt/miniconda3/envs/robostackenv/include  -isysroot /Applications/Xcode.app/Contents/Developer/Platforms/MacOSX.platform/Developer/SDKs/MacOSX.sdk   -v -Wl,-v -MD -MT CMakeFiles/cmTC_fe6c8.dir/CMakeCXXCompilerABI.cpp.o -MF CMakeFiles/cmTC_fe6c8.dir/CMakeCXXCompilerABI.cpp.o.d -o CMakeFiles/cmTC_fe6c8.dir/CMakeCXXCompilerABI.cpp.o -c /Users/elena/opt/miniconda3/envs/robostackenv/share/cmake-3.21/Modules/CMakeCXXCompilerABI.cpp
clang version 11.1.0
Target: x86_64-apple-darwin13.4.0
Thread model: posix
InstalledDir: /Users/elena/opt/miniconda3/envs/robostackenv/bin
clang-11: warning: -Wl,-v: 'linker' input unused [-Wunused-command-line-argument]
 (in-process)
 "/Users/elena/opt/miniconda3/envs/robostackenv/bin/clang-11" -cc1 -triple x86_64-apple-macosx12.0.0 -Wundef-prefix=TARGET_OS_OSX -Werror=undef-prefix -Wdeprecated-objc-isa-usage -Werror=deprecated-objc-isa-usage -emit-obj -disable-free -disable-llvm-verifier -discard-value-names -main-file-name CMakeCXXCompilerABI.cpp -mrelocation-model pic -pic-level 2 -mframe-pointer=all -fno-rounding-math -munwind-tables -target-sdk-version=12.0 -fcompatibility-qualified-id-block-type-checking -target-cpu core2 -target-feature +ssse3 -debugger-tuning=lldb -target-linker-version 530 -v -resource-dir /Users/elena/opt/miniconda3/envs/robostackenv/lib/clang/11.1.0 -dependency-file CMakeFiles/cmTC_fe6c8.dir/CMakeCXXCompilerABI.cpp.o.d -MT CMakeFiles/cmTC_fe6c8.dir/CMakeCXXCompilerABI.cpp.o -sys-header-deps -isystem /Users/elena/opt/miniconda3/envs/robostackenv/include -isysroot /Applications/Xcode.app/Contents/Developer/Platforms/MacOSX.platform/Developer/SDKs/MacOSX.sdk -stdlib=libc++ -internal-isystem /Users/elena/opt/miniconda3/envs/robostackenv/bin/../include/c++/v1 -internal-isystem /Applications/Xcode.app/Contents/Developer/Platforms/MacOSX.platform/Developer/SDKs/MacOSX.sdk/usr/local/include -internal-isystem /Users/elena/opt/miniconda3/envs/robostackenv/lib/clang/11.1.0/include -internal-externc-isystem /Applications/Xcode.app/Contents/Developer/Platforms/MacOSX.platform/Developer/SDKs/MacOSX.sdk/usr/include -O2 -std=c++14 -fdeprecated-macro -fdebug-compilation-dir /Users/elena/dev/two_wheeled_robot_navigation/catkin_ws/build/CMakeFiles/CMakeTmp -ferror-limit 19 -fvisibility-inlines-hidden -stack-protector 2 -fblocks -fencode-extended-block-signature -fregister-global-dtors-with-atexit -fgnuc-version=4.2.1 -fcxx-exceptions -fexceptions -fmax-type-align=16 -vectorize-loops -vectorize-slp -o CMakeFiles/cmTC_fe6c8.dir/CMakeCXXCompilerABI.cpp.o -x c++ /Users/elena/opt/miniconda3/envs/robostackenv/share/cmake-3.21/Modules/CMakeCXXCompilerABI.cpp
clang -cc1 version 11.1.0 based upon LLVM 11.1.0 default target x86_64-apple-darwin21.3.0
ignoring nonexistent directory "/Applications/Xcode.app/Contents/Developer/Platforms/MacOSX.platform/Developer/SDKs/MacOSX.sdk/usr/local/include"
ignoring nonexistent directory "/Applications/Xcode.app/Contents/Developer/Platforms/MacOSX.platform/Developer/SDKs/MacOSX.sdk/Library/Frameworks"
#include "..." search starts here:
#include <...> search starts here:
 /Users/elena/opt/miniconda3/envs/robostackenv/include
 /Users/elena/opt/miniconda3/envs/robostackenv/bin/../include/c++/v1
 /Users/elena/opt/miniconda3/envs/robostackenv/lib/clang/11.1.0/include
 /Applications/Xcode.app/Contents/Developer/Platforms/MacOSX.platform/Developer/SDKs/MacOSX.sdk/usr/include
 /Applications/Xcode.app/Contents/Developer/Platforms/MacOSX.platform/Developer/SDKs/MacOSX.sdk/System/Library/Frameworks (framework directory)
End of search list.
Linking CXX executable cmTC_fe6c8
/Users/elena/opt/miniconda3/envs/robostackenv/bin/cmake -E cmake_link_script CMakeFiles/cmTC_fe6c8.dir/link.txt --verbose=1
/Users/elena/opt/miniconda3/envs/robostackenv/bin/x86_64-apple-darwin13.4.0-clang++ -march=core2 -mtune=haswell -mssse3 -ftree-vectorize -fPIC -fPIE -fstack-protector-strong -O2 -pipe -stdlib=libc++ -fvisibility-inlines-hidden -std=c++14 -fmessage-length=0 -isystem /Users/elena/opt/miniconda3/envs/robostackenv/include  -isysroot /Applications/Xcode.app/Contents/Developer/Platforms/MacOSX.platform/Developer/SDKs/MacOSX.sdk -Wl,-search_paths_first -Wl,-headerpad_max_install_names -Wl,-pie -Wl,-headerpad_max_install_names -Wl,-dead_strip_dylibs -Wl,-rpath,/Users/elena/opt/miniconda3/envs/robostackenv/lib -L/Users/elena/opt/miniconda3/envs/robostackenv/lib -v -Wl,-v CMakeFiles/cmTC_fe6c8.dir/CMakeCXXCompilerABI.cpp.o -o cmTC_fe6c8 
clang version 11.1.0
Target: x86_64-apple-darwin13.4.0
Thread model: posix
InstalledDir: /Users/elena/opt/miniconda3/envs/robostackenv/bin
 "/Users/elena/opt/miniconda3/envs/robostackenv/bin/x86_64-apple-darwin13.4.0-ld" -demangle -lto_library /Users/elena/opt/miniconda3/envs/robostackenv/lib/libLTO.11.dylib -dynamic -arch x86_64 -platform_version macos 12.0.0 12.0 -pie -syslibroot /Applications/Xcode.app/Contents/Developer/Platforms/MacOSX.platform/Developer/SDKs/MacOSX.sdk -o cmTC_fe6c8 -L/Users/elena/opt/miniconda3/envs/robostackenv/lib -search_paths_first -headerpad_max_install_names -pie -headerpad_max_install_names -dead_strip_dylibs -rpath /Users/elena/opt/miniconda3/envs/robostackenv/lib -v CMakeFiles/cmTC_fe6c8.dir/CMakeCXXCompilerABI.cpp.o -lc++ -lSystem /Users/elena/opt/miniconda3/envs/robostackenv/lib/clang/11.1.0/lib/darwin/libclang_rt.osx.a
@(#)PROGRAM:ld  PROJECT:ld64-609
BUILD 18:01:32 Jan 19 2022
configured to support archs: armv6 armv7 armv7s arm64 arm64e arm64_32 i386 x86_64 x86_64h armv6m armv7k armv7m armv7em (tvOS)
Library search paths:
	/Users/elena/opt/miniconda3/envs/robostackenv/lib
	/Applications/Xcode.app/Contents/Developer/Platforms/MacOSX.platform/Developer/SDKs/MacOSX.sdk/usr/lib
Framework search paths:
	/Applications/Xcode.app/Contents/Developer/Platforms/MacOSX.platform/Developer/SDKs/MacOSX.sdk/System/Library/Frameworks/
make[1]: Leaving directory '/Users/elena/dev/two_wheeled_robot_navigation/catkin_ws/build/CMakeFiles/CMakeTmp'



Parsed CXX implicit include dir info from above output: rv=done
  found start of include info
  found start of implicit include info
    add: [/Users/elena/opt/miniconda3/envs/robostackenv/include]
    add: [/Users/elena/opt/miniconda3/envs/robostackenv/bin/../include/c++/v1]
    add: [/Users/elena/opt/miniconda3/envs/robostackenv/lib/clang/11.1.0/include]
    add: [/Applications/Xcode.app/Contents/Developer/Platforms/MacOSX.platform/Developer/SDKs/MacOSX.sdk/usr/include]
  end of search list found
  collapse include dir [/Users/elena/opt/miniconda3/envs/robostackenv/include] ==> [/Users/elena/opt/miniconda3/envs/robostackenv/include]
  collapse include dir [/Users/elena/opt/miniconda3/envs/robostackenv/bin/../include/c++/v1] ==> [/Users/elena/opt/miniconda3/envs/robostackenv/include/c++/v1]
  collapse include dir [/Users/elena/opt/miniconda3/envs/robostackenv/lib/clang/11.1.0/include] ==> [/Users/elena/opt/miniconda3/envs/robostackenv/lib/clang/11.1.0/include]
  collapse include dir [/Applications/Xcode.app/Contents/Developer/Platforms/MacOSX.platform/Developer/SDKs/MacOSX.sdk/usr/include] ==> [/Applications/Xcode.app/Contents/Developer/Platforms/MacOSX.platform/Developer/SDKs/MacOSX.sdk/usr/include]
  implicit include dirs: [/Users/elena/opt/miniconda3/envs/robostackenv/include;/Users/elena/opt/miniconda3/envs/robostackenv/include/c++/v1;/Users/elena/opt/miniconda3/envs/robostackenv/lib/clang/11.1.0/include;/Applications/Xcode.app/Contents/Developer/Platforms/MacOSX.platform/Developer/SDKs/MacOSX.sdk/usr/include]


Parsed CXX implicit link information from above output:
  link line regex: [^( *|.*[/\])(x86_64-apple-darwin13\.4\.0-ld|CMAKE_LINK_STARTFILE-NOTFOUND|([^/\]+-)?ld|collect2)[^/\]*( |$)]
  ignore line: [Change Dir: /Users/elena/dev/two_wheeled_robot_navigation/catkin_ws/build/CMakeFiles/CMakeTmp]
  ignore line: []
  ignore line: [Run Build Command(s):/Users/elena/opt/miniconda3/envs/robostackenv/bin/make -f Makefile cmTC_fe6c8/fast && /Users/elena/opt/miniconda3/envs/robostackenv/bin/make  -f CMakeFiles/cmTC_fe6c8.dir/build.make CMakeFiles/cmTC_fe6c8.dir/build]
  ignore line: [make[1]: Entering directory '/Users/elena/dev/two_wheeled_robot_navigation/catkin_ws/build/CMakeFiles/CMakeTmp']
  ignore line: [Building CXX object CMakeFiles/cmTC_fe6c8.dir/CMakeCXXCompilerABI.cpp.o]
  ignore line: [/Users/elena/opt/miniconda3/envs/robostackenv/bin/x86_64-apple-darwin13.4.0-clang++   -march=core2 -mtune=haswell -mssse3 -ftree-vectorize -fPIC -fPIE -fstack-protector-strong -O2 -pipe -stdlib=libc++ -fvisibility-inlines-hidden -std=c++14 -fmessage-length=0 -isystem /Users/elena/opt/miniconda3/envs/robostackenv/include  -isysroot /Applications/Xcode.app/Contents/Developer/Platforms/MacOSX.platform/Developer/SDKs/MacOSX.sdk   -v -Wl -v -MD -MT CMakeFiles/cmTC_fe6c8.dir/CMakeCXXCompilerABI.cpp.o -MF CMakeFiles/cmTC_fe6c8.dir/CMakeCXXCompilerABI.cpp.o.d -o CMakeFiles/cmTC_fe6c8.dir/CMakeCXXCompilerABI.cpp.o -c /Users/elena/opt/miniconda3/envs/robostackenv/share/cmake-3.21/Modules/CMakeCXXCompilerABI.cpp]
  ignore line: [clang version 11.1.0]
  ignore line: [Target: x86_64-apple-darwin13.4.0]
  ignore line: [Thread model: posix]
  ignore line: [InstalledDir: /Users/elena/opt/miniconda3/envs/robostackenv/bin]
  ignore line: [clang-11: warning: -Wl -v: 'linker' input unused [-Wunused-command-line-argument]]
  ignore line: [ (in-process)]
  ignore line: [ "/Users/elena/opt/miniconda3/envs/robostackenv/bin/clang-11" -cc1 -triple x86_64-apple-macosx12.0.0 -Wundef-prefix=TARGET_OS_OSX -Werror=undef-prefix -Wdeprecated-objc-isa-usage -Werror=deprecated-objc-isa-usage -emit-obj -disable-free -disable-llvm-verifier -discard-value-names -main-file-name CMakeCXXCompilerABI.cpp -mrelocation-model pic -pic-level 2 -mframe-pointer=all -fno-rounding-math -munwind-tables -target-sdk-version=12.0 -fcompatibility-qualified-id-block-type-checking -target-cpu core2 -target-feature +ssse3 -debugger-tuning=lldb -target-linker-version 530 -v -resource-dir /Users/elena/opt/miniconda3/envs/robostackenv/lib/clang/11.1.0 -dependency-file CMakeFiles/cmTC_fe6c8.dir/CMakeCXXCompilerABI.cpp.o.d -MT CMakeFiles/cmTC_fe6c8.dir/CMakeCXXCompilerABI.cpp.o -sys-header-deps -isystem /Users/elena/opt/miniconda3/envs/robostackenv/include -isysroot /Applications/Xcode.app/Contents/Developer/Platforms/MacOSX.platform/Developer/SDKs/MacOSX.sdk -stdlib=libc++ -internal-isystem /Users/elena/opt/miniconda3/envs/robostackenv/bin/../include/c++/v1 -internal-isystem /Applications/Xcode.app/Contents/Developer/Platforms/MacOSX.platform/Developer/SDKs/MacOSX.sdk/usr/local/include -internal-isystem /Users/elena/opt/miniconda3/envs/robostackenv/lib/clang/11.1.0/include -internal-externc-isystem /Applications/Xcode.app/Contents/Developer/Platforms/MacOSX.platform/Developer/SDKs/MacOSX.sdk/usr/include -O2 -std=c++14 -fdeprecated-macro -fdebug-compilation-dir /Users/elena/dev/two_wheeled_robot_navigation/catkin_ws/build/CMakeFiles/CMakeTmp -ferror-limit 19 -fvisibility-inlines-hidden -stack-protector 2 -fblocks -fencode-extended-block-signature -fregister-global-dtors-with-atexit -fgnuc-version=4.2.1 -fcxx-exceptions -fexceptions -fmax-type-align=16 -vectorize-loops -vectorize-slp -o CMakeFiles/cmTC_fe6c8.dir/CMakeCXXCompilerABI.cpp.o -x c++ /Users/elena/opt/miniconda3/envs/robostackenv/share/cmake-3.21/Modules/CMakeCXXCompilerABI.cpp]
  ignore line: [clang -cc1 version 11.1.0 based upon LLVM 11.1.0 default target x86_64-apple-darwin21.3.0]
  ignore line: [ignoring nonexistent directory "/Applications/Xcode.app/Contents/Developer/Platforms/MacOSX.platform/Developer/SDKs/MacOSX.sdk/usr/local/include"]
  ignore line: [ignoring nonexistent directory "/Applications/Xcode.app/Contents/Developer/Platforms/MacOSX.platform/Developer/SDKs/MacOSX.sdk/Library/Frameworks"]
  ignore line: [#include "..." search starts here:]
  ignore line: [#include <...> search starts here:]
  ignore line: [ /Users/elena/opt/miniconda3/envs/robostackenv/include]
  ignore line: [ /Users/elena/opt/miniconda3/envs/robostackenv/bin/../include/c++/v1]
  ignore line: [ /Users/elena/opt/miniconda3/envs/robostackenv/lib/clang/11.1.0/include]
  ignore line: [ /Applications/Xcode.app/Contents/Developer/Platforms/MacOSX.platform/Developer/SDKs/MacOSX.sdk/usr/include]
  ignore line: [ /Applications/Xcode.app/Contents/Developer/Platforms/MacOSX.platform/Developer/SDKs/MacOSX.sdk/System/Library/Frameworks (framework directory)]
  ignore line: [End of search list.]
  ignore line: [Linking CXX executable cmTC_fe6c8]
  ignore line: [/Users/elena/opt/miniconda3/envs/robostackenv/bin/cmake -E cmake_link_script CMakeFiles/cmTC_fe6c8.dir/link.txt --verbose=1]
  ignore line: [/Users/elena/opt/miniconda3/envs/robostackenv/bin/x86_64-apple-darwin13.4.0-clang++ -march=core2 -mtune=haswell -mssse3 -ftree-vectorize -fPIC -fPIE -fstack-protector-strong -O2 -pipe -stdlib=libc++ -fvisibility-inlines-hidden -std=c++14 -fmessage-length=0 -isystem /Users/elena/opt/miniconda3/envs/robostackenv/include  -isysroot /Applications/Xcode.app/Contents/Developer/Platforms/MacOSX.platform/Developer/SDKs/MacOSX.sdk -Wl -search_paths_first -Wl -headerpad_max_install_names -Wl -pie -Wl -headerpad_max_install_names -Wl -dead_strip_dylibs -Wl -rpath /Users/elena/opt/miniconda3/envs/robostackenv/lib -L/Users/elena/opt/miniconda3/envs/robostackenv/lib -v -Wl -v CMakeFiles/cmTC_fe6c8.dir/CMakeCXXCompilerABI.cpp.o -o cmTC_fe6c8 ]
  ignore line: [clang version 11.1.0]
  ignore line: [Target: x86_64-apple-darwin13.4.0]
  ignore line: [Thread model: posix]
  ignore line: [InstalledDir: /Users/elena/opt/miniconda3/envs/robostackenv/bin]
  link line: [ "/Users/elena/opt/miniconda3/envs/robostackenv/bin/x86_64-apple-darwin13.4.0-ld" -demangle -lto_library /Users/elena/opt/miniconda3/envs/robostackenv/lib/libLTO.11.dylib -dynamic -arch x86_64 -platform_version macos 12.0.0 12.0 -pie -syslibroot /Applications/Xcode.app/Contents/Developer/Platforms/MacOSX.platform/Developer/SDKs/MacOSX.sdk -o cmTC_fe6c8 -L/Users/elena/opt/miniconda3/envs/robostackenv/lib -search_paths_first -headerpad_max_install_names -pie -headerpad_max_install_names -dead_strip_dylibs -rpath /Users/elena/opt/miniconda3/envs/robostackenv/lib -v CMakeFiles/cmTC_fe6c8.dir/CMakeCXXCompilerABI.cpp.o -lc++ -lSystem /Users/elena/opt/miniconda3/envs/robostackenv/lib/clang/11.1.0/lib/darwin/libclang_rt.osx.a]
    arg [/Users/elena/opt/miniconda3/envs/robostackenv/bin/x86_64-apple-darwin13.4.0-ld] ==> ignore
    arg [-demangle] ==> ignore
    arg [-lto_library] ==> ignore, skip following value
    arg [/Users/elena/opt/miniconda3/envs/robostackenv/lib/libLTO.11.dylib] ==> skip value of -lto_library
    arg [-dynamic] ==> ignore
    arg [-arch] ==> ignore
    arg [x86_64] ==> ignore
    arg [-platform_version] ==> ignore
    arg [macos] ==> ignore
    arg [12.0.0] ==> ignore
    arg [12.0] ==> ignore
    arg [-pie] ==> ignore
    arg [-syslibroot] ==> ignore
    arg [/Applications/Xcode.app/Contents/Developer/Platforms/MacOSX.platform/Developer/SDKs/MacOSX.sdk] ==> ignore
    arg [-o] ==> ignore
    arg [cmTC_fe6c8] ==> ignore
    arg [-L/Users/elena/opt/miniconda3/envs/robostackenv/lib] ==> dir [/Users/elena/opt/miniconda3/envs/robostackenv/lib]
    arg [-search_paths_first] ==> ignore
    arg [-headerpad_max_install_names] ==> ignore
    arg [-pie] ==> ignore
    arg [-headerpad_max_install_names] ==> ignore
    arg [-dead_strip_dylibs] ==> ignore
    arg [-rpath] ==> ignore
    arg [/Users/elena/opt/miniconda3/envs/robostackenv/lib] ==> ignore
    arg [-v] ==> ignore
    arg [CMakeFiles/cmTC_fe6c8.dir/CMakeCXXCompilerABI.cpp.o] ==> ignore
    arg [-lc++] ==> lib [c++]
    arg [-lSystem] ==> lib [System]
    arg [/Users/elena/opt/miniconda3/envs/robostackenv/lib/clang/11.1.0/lib/darwin/libclang_rt.osx.a] ==> lib [/Users/elena/opt/miniconda3/envs/robostackenv/lib/clang/11.1.0/lib/darwin/libclang_rt.osx.a]
  Library search paths: [;/Users/elena/opt/miniconda3/envs/robostackenv/lib;/Applications/Xcode.app/Contents/Developer/Platforms/MacOSX.platform/Developer/SDKs/MacOSX.sdk/usr/lib]
  Framework search paths: [;/Applications/Xcode.app/Contents/Developer/Platforms/MacOSX.platform/Developer/SDKs/MacOSX.sdk/System/Library/Frameworks/]
  remove lib [System]
  remove lib [/Users/elena/opt/miniconda3/envs/robostackenv/lib/clang/11.1.0/lib/darwin/libclang_rt.osx.a]
  collapse library dir [/Users/elena/opt/miniconda3/envs/robostackenv/lib] ==> [/Users/elena/opt/miniconda3/envs/robostackenv/lib]
  collapse library dir [/Users/elena/opt/miniconda3/envs/robostackenv/lib] ==> [/Users/elena/opt/miniconda3/envs/robostackenv/lib]
  collapse library dir [/Applications/Xcode.app/Contents/Developer/Platforms/MacOSX.platform/Developer/SDKs/MacOSX.sdk/usr/lib] ==> [/Applications/Xcode.app/Contents/Developer/Platforms/MacOSX.platform/Developer/SDKs/MacOSX.sdk/usr/lib]
  collapse framework dir [/Applications/Xcode.app/Contents/Developer/Platforms/MacOSX.platform/Developer/SDKs/MacOSX.sdk/System/Library/Frameworks/] ==> [/Applications/Xcode.app/Contents/Developer/Platforms/MacOSX.platform/Developer/SDKs/MacOSX.sdk/System/Library/Frameworks]
  implicit libs: [c++]
  implicit objs: []
  implicit dirs: [/Users/elena/opt/miniconda3/envs/robostackenv/lib;/Applications/Xcode.app/Contents/Developer/Platforms/MacOSX.platform/Developer/SDKs/MacOSX.sdk/usr/lib]
  implicit fwks: [/Applications/Xcode.app/Contents/Developer/Platforms/MacOSX.platform/Developer/SDKs/MacOSX.sdk/System/Library/Frameworks]


Determining if the include file pthread.h exists passed with the following output:
Change Dir: /Users/elena/dev/two_wheeled_robot_navigation/catkin_ws/build/CMakeFiles/CMakeTmp

Run Build Command(s):/Users/elena/opt/miniconda3/envs/robostackenv/bin/make -f Makefile cmTC_05a0a/fast && /Users/elena/opt/miniconda3/envs/robostackenv/bin/make  -f CMakeFiles/cmTC_05a0a.dir/build.make CMakeFiles/cmTC_05a0a.dir/build
make[1]: Entering directory '/Users/elena/dev/two_wheeled_robot_navigation/catkin_ws/build/CMakeFiles/CMakeTmp'
Building C object CMakeFiles/cmTC_05a0a.dir/CheckIncludeFile.c.o
/Users/elena/opt/miniconda3/envs/robostackenv/bin/x86_64-apple-darwin13.4.0-clang   -march=core2 -mtune=haswell -mssse3 -ftree-vectorize -fPIC -fPIE -fstack-protector-strong -O2 -pipe -isystem /Users/elena/opt/miniconda3/envs/robostackenv/include  -isysroot /Applications/Xcode.app/Contents/Developer/Platforms/MacOSX.platform/Developer/SDKs/MacOSX.sdk -MD -MT CMakeFiles/cmTC_05a0a.dir/CheckIncludeFile.c.o -MF CMakeFiles/cmTC_05a0a.dir/CheckIncludeFile.c.o.d -o CMakeFiles/cmTC_05a0a.dir/CheckIncludeFile.c.o -c /Users/elena/dev/two_wheeled_robot_navigation/catkin_ws/build/CMakeFiles/CMakeTmp/CheckIncludeFile.c
Linking C executable cmTC_05a0a
/Users/elena/opt/miniconda3/envs/robostackenv/bin/cmake -E cmake_link_script CMakeFiles/cmTC_05a0a.dir/link.txt --verbose=1
/Users/elena/opt/miniconda3/envs/robostackenv/bin/x86_64-apple-darwin13.4.0-clang -march=core2 -mtune=haswell -mssse3 -ftree-vectorize -fPIC -fPIE -fstack-protector-strong -O2 -pipe -isystem /Users/elena/opt/miniconda3/envs/robostackenv/include  -isysroot /Applications/Xcode.app/Contents/Developer/Platforms/MacOSX.platform/Developer/SDKs/MacOSX.sdk -Wl,-search_paths_first -Wl,-headerpad_max_install_names -Wl,-pie -Wl,-headerpad_max_install_names -Wl,-dead_strip_dylibs -Wl,-rpath,/Users/elena/opt/miniconda3/envs/robostackenv/lib -L/Users/elena/opt/miniconda3/envs/robostackenv/lib  CMakeFiles/cmTC_05a0a.dir/CheckIncludeFile.c.o -o cmTC_05a0a 
make[1]: Leaving directory '/Users/elena/dev/two_wheeled_robot_navigation/catkin_ws/build/CMakeFiles/CMakeTmp'



Performing C SOURCE FILE Test CMAKE_HAVE_LIBC_PTHREAD succeeded with the following output:
Change Dir: /Users/elena/dev/two_wheeled_robot_navigation/catkin_ws/build/CMakeFiles/CMakeTmp

Run Build Command(s):/Users/elena/opt/miniconda3/envs/robostackenv/bin/make -f Makefile cmTC_d9540/fast && /Users/elena/opt/miniconda3/envs/robostackenv/bin/make  -f CMakeFiles/cmTC_d9540.dir/build.make CMakeFiles/cmTC_d9540.dir/build
make[1]: Entering directory '/Users/elena/dev/two_wheeled_robot_navigation/catkin_ws/build/CMakeFiles/CMakeTmp'
Building C object CMakeFiles/cmTC_d9540.dir/src.c.o
/Users/elena/opt/miniconda3/envs/robostackenv/bin/x86_64-apple-darwin13.4.0-clang -DCMAKE_HAVE_LIBC_PTHREAD  -march=core2 -mtune=haswell -mssse3 -ftree-vectorize -fPIC -fPIE -fstack-protector-strong -O2 -pipe -isystem /Users/elena/opt/miniconda3/envs/robostackenv/include  -isysroot /Applications/Xcode.app/Contents/Developer/Platforms/MacOSX.platform/Developer/SDKs/MacOSX.sdk -MD -MT CMakeFiles/cmTC_d9540.dir/src.c.o -MF CMakeFiles/cmTC_d9540.dir/src.c.o.d -o CMakeFiles/cmTC_d9540.dir/src.c.o -c /Users/elena/dev/two_wheeled_robot_navigation/catkin_ws/build/CMakeFiles/CMakeTmp/src.c
Linking C executable cmTC_d9540
/Users/elena/opt/miniconda3/envs/robostackenv/bin/cmake -E cmake_link_script CMakeFiles/cmTC_d9540.dir/link.txt --verbose=1
/Users/elena/opt/miniconda3/envs/robostackenv/bin/x86_64-apple-darwin13.4.0-clang -march=core2 -mtune=haswell -mssse3 -ftree-vectorize -fPIC -fPIE -fstack-protector-strong -O2 -pipe -isystem /Users/elena/opt/miniconda3/envs/robostackenv/include  -isysroot /Applications/Xcode.app/Contents/Developer/Platforms/MacOSX.platform/Developer/SDKs/MacOSX.sdk -Wl,-search_paths_first -Wl,-headerpad_max_install_names -Wl,-pie -Wl,-headerpad_max_install_names -Wl,-dead_strip_dylibs -Wl,-rpath,/Users/elena/opt/miniconda3/envs/robostackenv/lib -L/Users/elena/opt/miniconda3/envs/robostackenv/lib  CMakeFiles/cmTC_d9540.dir/src.c.o -o cmTC_d9540 
make[1]: Leaving directory '/Users/elena/dev/two_wheeled_robot_navigation/catkin_ws/build/CMakeFiles/CMakeTmp'


Source file was:
#include <pthread.h>

static void* test_func(void* data)
{
  return data;
}

int main(void)
{
  pthread_t thread;
  pthread_create(&thread, NULL, test_func, NULL);
  pthread_detach(thread);
  pthread_cancel(thread);
  pthread_join(thread, NULL);
  pthread_atfork(NULL, NULL, NULL);
  pthread_exit(NULL);

  return 0;
}

